Warning[205] C:\USERS\SANTI\GOOGLE DRIVE\7SEM\SISTEMAS EMBEBIDOS\PIC\ADC_PWM_SPI.X\MAIN_ADC_PWM_SPI.ASM 7 : Found directive in column 1. (udata_acs)
Warning[203] C:\USERS\SANTI\GOOGLE DRIVE\7SEM\SISTEMAS EMBEBIDOS\PIC\ADC_PWM_SPI.X\MAIN_ADC_PWM_SPI.ASM 22 : Found opcode in column 1. (BSF)
Warning[203] C:\USERS\SANTI\GOOGLE DRIVE\7SEM\SISTEMAS EMBEBIDOS\PIC\ADC_PWM_SPI.X\MAIN_ADC_PWM_SPI.ASM 23 : Found opcode in column 1. (BSF)
Warning[203] C:\USERS\SANTI\GOOGLE DRIVE\7SEM\SISTEMAS EMBEBIDOS\PIC\ADC_PWM_SPI.X\MAIN_ADC_PWM_SPI.ASM 25 : Found opcode in column 1. (BSF)
Warning[203] C:\USERS\SANTI\GOOGLE DRIVE\7SEM\SISTEMAS EMBEBIDOS\PIC\ADC_PWM_SPI.X\MAIN_ADC_PWM_SPI.ASM 26 : Found opcode in column 1. (BSF)
Warning[203] C:\USERS\SANTI\GOOGLE DRIVE\7SEM\SISTEMAS EMBEBIDOS\PIC\ADC_PWM_SPI.X\MAIN_ADC_PWM_SPI.ASM 27 : Found opcode in column 1. (BSF)
Warning[203] C:\USERS\SANTI\GOOGLE DRIVE\7SEM\SISTEMAS EMBEBIDOS\PIC\ADC_PWM_SPI.X\MAIN_ADC_PWM_SPI.ASM 30 : Found opcode in column 1. (CLRF)
Warning[203] C:\USERS\SANTI\GOOGLE DRIVE\7SEM\SISTEMAS EMBEBIDOS\PIC\ADC_PWM_SPI.X\MAIN_ADC_PWM_SPI.ASM 31 : Found opcode in column 1. (MOVLW)
Warning[203] C:\USERS\SANTI\GOOGLE DRIVE\7SEM\SISTEMAS EMBEBIDOS\PIC\ADC_PWM_SPI.X\MAIN_ADC_PWM_SPI.ASM 32 : Found opcode in column 1. (MOVWF)
Warning[203] C:\USERS\SANTI\GOOGLE DRIVE\7SEM\SISTEMAS EMBEBIDOS\PIC\ADC_PWM_SPI.X\MAIN_ADC_PWM_SPI.ASM 33 : Found opcode in column 1. (MOVLW)
Warning[203] C:\USERS\SANTI\GOOGLE DRIVE\7SEM\SISTEMAS EMBEBIDOS\PIC\ADC_PWM_SPI.X\MAIN_ADC_PWM_SPI.ASM 34 : Found opcode in column 1. (MOVWF)
Warning[203] C:\USERS\SANTI\GOOGLE DRIVE\7SEM\SISTEMAS EMBEBIDOS\PIC\ADC_PWM_SPI.X\MAIN_ADC_PWM_SPI.ASM 37 : Found opcode in column 1. (CLRF)
Warning[203] C:\USERS\SANTI\GOOGLE DRIVE\7SEM\SISTEMAS EMBEBIDOS\PIC\ADC_PWM_SPI.X\MAIN_ADC_PWM_SPI.ASM 38 : Found opcode in column 1. (MOVLW)
Warning[203] C:\USERS\SANTI\GOOGLE DRIVE\7SEM\SISTEMAS EMBEBIDOS\PIC\ADC_PWM_SPI.X\MAIN_ADC_PWM_SPI.ASM 39 : Found opcode in column 1. (MOVWF)
Warning[203] C:\USERS\SANTI\GOOGLE DRIVE\7SEM\SISTEMAS EMBEBIDOS\PIC\ADC_PWM_SPI.X\MAIN_ADC_PWM_SPI.ASM 40 : Found opcode in column 1. (MOVLW)
Warning[203] C:\USERS\SANTI\GOOGLE DRIVE\7SEM\SISTEMAS EMBEBIDOS\PIC\ADC_PWM_SPI.X\MAIN_ADC_PWM_SPI.ASM 41 : Found opcode in column 1. (MOVWF)
Warning[203] C:\USERS\SANTI\GOOGLE DRIVE\7SEM\SISTEMAS EMBEBIDOS\PIC\ADC_PWM_SPI.X\MAIN_ADC_PWM_SPI.ASM 43 : Found opcode in column 1. (CLRF)
Warning[203] C:\USERS\SANTI\GOOGLE DRIVE\7SEM\SISTEMAS EMBEBIDOS\PIC\ADC_PWM_SPI.X\MAIN_ADC_PWM_SPI.ASM 46 : Found opcode in column 1. (MOVWF)
Warning[203] C:\USERS\SANTI\GOOGLE DRIVE\7SEM\SISTEMAS EMBEBIDOS\PIC\ADC_PWM_SPI.X\MAIN_ADC_PWM_SPI.ASM 47 : Found opcode in column 1. (MOVWF)
Warning[203] C:\USERS\SANTI\GOOGLE DRIVE\7SEM\SISTEMAS EMBEBIDOS\PIC\ADC_PWM_SPI.X\MAIN_ADC_PWM_SPI.ASM 49 : Found opcode in column 1. (MOVLW)
Warning[203] C:\USERS\SANTI\GOOGLE DRIVE\7SEM\SISTEMAS EMBEBIDOS\PIC\ADC_PWM_SPI.X\MAIN_ADC_PWM_SPI.ASM 50 : Found opcode in column 1. (MOVWF)
Warning[203] C:\USERS\SANTI\GOOGLE DRIVE\7SEM\SISTEMAS EMBEBIDOS\PIC\ADC_PWM_SPI.X\MAIN_ADC_PWM_SPI.ASM 52 : Found opcode in column 1. (MOVLW)
Warning[203] C:\USERS\SANTI\GOOGLE DRIVE\7SEM\SISTEMAS EMBEBIDOS\PIC\ADC_PWM_SPI.X\MAIN_ADC_PWM_SPI.ASM 53 : Found opcode in column 1. (MOVWF)
Warning[203] C:\USERS\SANTI\GOOGLE DRIVE\7SEM\SISTEMAS EMBEBIDOS\PIC\ADC_PWM_SPI.X\MAIN_ADC_PWM_SPI.ASM 55 : Found opcode in column 1. (MOVLW)
Warning[203] C:\USERS\SANTI\GOOGLE DRIVE\7SEM\SISTEMAS EMBEBIDOS\PIC\ADC_PWM_SPI.X\MAIN_ADC_PWM_SPI.ASM 56 : Found opcode in column 1. (MOVWF)
Warning[207] C:\USERS\SANTI\GOOGLE DRIVE\7SEM\SISTEMAS EMBEBIDOS\PIC\ADC_PWM_SPI.X\MAIN_ADC_PWM_SPI.ASM 144 : Found label after column 1. (DELAY)
